<?xml version="1.0" encoding="UTF-8"?>
<!-- Generated by org.testng.reporters.JUnitReportReporter -->
<testsuite hostname="LAPTOP-2CHB2D17" failures="0" tests="4" name="com.TestNgChallenges.TestDataProvider" time="19.717" errors="0" timestamp="2023-05-16T01:07:42 EDT" skipped="0">
  <testcase classname="com.TestNgChallenges.TestDataProvider" name="getLogin" time="6.383"/>
  <system-out/>
  <testcase classname="com.TestNgChallenges.TestDataProvider" name="getLogin" time="3.782"/>
  <system-out/>
  <testcase classname="com.TestNgChallenges.TestDataProvider" name="getLogin" time="5.230"/>
  <system-out/>
  <testcase classname="com.TestNgChallenges.TestDataProvider" name="getLogin" time="4.322"/>
  <system-out/>
</testsuite> <!-- com.TestNgChallenges.TestDataProvider -->
