<?xml version="1.0" encoding="UTF-8"?>
<!-- Generated by org.testng.reporters.JUnitReportReporter -->
<testsuite hostname="LAPTOP-2CHB2D17" failures="0" tests="5" name="com.TestNgChallenges.EnableTrueFalse" time="0.008" errors="0" timestamp="2023-05-15T14:36:40 EDT" skipped="2">
  <testcase classname="com.TestNgChallenges.EnableTrueFalse" name="GetMethod2" time="0.001"/>
  <system-out/>
  <testcase classname="com.TestNgChallenges.EnableTrueFalse" name="GetMethod4" time="0.001"/>
  <system-out/>
  <testcase classname="com.TestNgChallenges.EnableTrueFalse" name="GetMethod1" time="0.006"/>
  <system-out/>
  <testcase classname="com.TestNgChallenges.EnableTrueFalse" name="GetMethod3">
    <skipped/>
  </testcase> <!-- GetMethod3 -->
  <system-out/>
  <testcase classname="com.TestNgChallenges.EnableTrueFalse" name="GetMethod0">
    <skipped/>
  </testcase> <!-- GetMethod0 -->
  <system-out/>
</testsuite> <!-- com.TestNgChallenges.EnableTrueFalse -->
