<?xml version="1.0" encoding="UTF-8"?>
<!-- Generated by org.testng.reporters.JUnitReportReporter -->
<testsuite hostname="LAPTOP-2CHB2D17" failures="0" tests="3" name="com.TestNgChallenges.DependsOnMethod" time="0.005" errors="0" timestamp="2023-05-15T15:21:28 EDT" skipped="0">
  <testcase classname="com.TestNgChallenges.DependsOnMethod" name="getClosebrowser" time="0.001"/>
  <system-out/>
  <testcase classname="com.TestNgChallenges.DependsOnMethod" name="getOpenBrowser" time="0.004"/>
  <system-out/>
  <testcase classname="com.TestNgChallenges.DependsOnMethod" name="getLogIn" time="0.000"/>
  <system-out/>
</testsuite> <!-- com.TestNgChallenges.DependsOnMethod -->
