<?xml version="1.0" encoding="UTF-8"?>
<!-- Generated by org.testng.reporters.JUnitReportReporter -->
<testsuite hostname="LAPTOP-2CHB2D17" failures="0" tests="1" name="com.TestNgChallenges.BasicAnnotation" time="0.008" errors="0" timestamp="2023-05-15T13:48:49 EDT" skipped="0">
  <testcase classname="com.TestNgChallenges.BasicAnnotation" name="getTest" time="0.008"/>
  <system-out/>
</testsuite> <!-- com.TestNgChallenges.BasicAnnotation -->
