<?xml version="1.0" encoding="UTF-8"?>
<!-- Generated by org.testng.reporters.JUnitReportReporter -->
<testsuite hostname="LAPTOP-2CHB2D17" failures="0" tests="10" name="com.TestNgChallenges.SametestCasesRunMultipleTimes" time="0.007" errors="0" timestamp="2023-05-15T15:04:39 EDT" skipped="0">
  <testcase classname="com.TestNgChallenges.SametestCasesRunMultipleTimes" name="GetMethod" time="0.000"/>
  <system-out/>
  <testcase classname="com.TestNgChallenges.SametestCasesRunMultipleTimes" name="GetMethod" time="0.000"/>
  <system-out/>
  <testcase classname="com.TestNgChallenges.SametestCasesRunMultipleTimes" name="GetMethod" time="0.000"/>
  <system-out/>
  <testcase classname="com.TestNgChallenges.SametestCasesRunMultipleTimes" name="GetMethod" time="0.001"/>
  <system-out/>
  <testcase classname="com.TestNgChallenges.SametestCasesRunMultipleTimes" name="GetMethod" time="0.000"/>
  <system-out/>
  <testcase classname="com.TestNgChallenges.SametestCasesRunMultipleTimes" name="GetMethod" time="0.000"/>
  <system-out/>
  <testcase classname="com.TestNgChallenges.SametestCasesRunMultipleTimes" name="GetMethod" time="0.000"/>
  <system-out/>
  <testcase classname="com.TestNgChallenges.SametestCasesRunMultipleTimes" name="GetMethod" time="0.000"/>
  <system-out/>
  <testcase classname="com.TestNgChallenges.SametestCasesRunMultipleTimes" name="GetMethod" time="0.006"/>
  <system-out/>
  <testcase classname="com.TestNgChallenges.SametestCasesRunMultipleTimes" name="GetMethod" time="0.000"/>
  <system-out/>
</testsuite> <!-- com.TestNgChallenges.SametestCasesRunMultipleTimes -->
