<?xml version="1.0" encoding="UTF-8"?>
<!-- Generated by org.testng.reporters.JUnitReportReporter -->
<testsuite hostname="LAPTOP-2CHB2D17" failures="0" tests="5" name="com.TestNgChallenges.PriorityTest" time="0.008" errors="0" timestamp="2023-05-15T14:22:31 EDT" skipped="0">
  <testcase classname="com.TestNgChallenges.PriorityTest" name="GetMethod0" time="0.006"/>
  <system-out/>
  <testcase classname="com.TestNgChallenges.PriorityTest" name="GetMethod4" time="0.000"/>
  <system-out/>
  <testcase classname="com.TestNgChallenges.PriorityTest" name="GetMethod1" time="0.000"/>
  <system-out/>
  <testcase classname="com.TestNgChallenges.PriorityTest" name="GetMethod3" time="0.002"/>
  <system-out/>
  <testcase classname="com.TestNgChallenges.PriorityTest" name="GetMethod2" time="0.000"/>
  <system-out/>
</testsuite> <!-- com.TestNgChallenges.PriorityTest -->
