<?xml version="1.0" encoding="UTF-8"?>
<!-- Generated by org.testng.reporters.JUnitReportReporter -->
<testsuite hostname="LAPTOP-2CHB2D17" failures="0" tests="2" name="com.TestNgChallenges.CrossBrowsertesting" time="6.274" errors="0" timestamp="2023-05-15T19:42:45 EDT" skipped="0">
  <testcase classname="com.TestNgChallenges.CrossBrowsertesting" name="getLogIn" time="3.757"/>
  <system-out/>
  <testcase classname="com.TestNgChallenges.CrossBrowsertesting" name="getLogIn" time="2.517"/>
  <system-out/>
</testsuite> <!-- com.TestNgChallenges.CrossBrowsertesting -->
