<?xml version="1.0" encoding="UTF-8"?>
<!-- Generated by org.testng.reporters.JUnitReportReporter -->
<testsuite hostname="LAPTOP-2CHB2D17" failures="0" tests="4" name="com.TestNgChallenges.ParallelTesting" time="11.260" errors="0" timestamp="2023-05-15T22:03:57 EDT" skipped="0">
  <testcase classname="com.TestNgChallenges.ParallelTesting" name="functionalTest" time="2.455"/>
  <system-out/>
  <testcase classname="com.TestNgChallenges.ParallelTesting" name="sanityTest" time="2.304"/>
  <system-out/>
  <testcase classname="com.TestNgChallenges.ParallelTesting" name="SmokeTest" time="4.176"/>
  <system-out/>
  <testcase classname="com.TestNgChallenges.ParallelTesting" name="regressionTest" time="2.325"/>
  <system-out/>
</testsuite> <!-- com.TestNgChallenges.ParallelTesting -->
