<?xml version="1.0" encoding="UTF-8"?>
<!-- Generated by org.testng.reporters.JUnitReportReporter -->
<testsuite hostname="LAPTOP-2CHB2D17" failures="0" tests="1" name="smarttech.ny.myrunner.TestRunner" time="3.346" errors="0" timestamp="2023-05-16T03:41:53 EDT" skipped="0">
  <testcase classname="smarttech.ny.myrunner.TestRunner" name="runScenario" time="3.346"/>
  <system-out/>
</testsuite> <!-- smarttech.ny.myrunner.TestRunner -->
