<?xml version="1.0" encoding="UTF-8"?>
<!-- Generated by org.testng.reporters.JUnitReportReporter -->
<testsuite hostname="LAPTOP-2CHB2D17" failures="0" tests="2" name="smarttech.ny.hooks.FailedTestCases" time="0.007" errors="0" timestamp="2023-05-16T02:15:35 EDT" skipped="0">
  <testcase classname="smarttech.ny.hooks.FailedTestCases" name="getTestOne" time="0.001"/>
  <system-out/>
  <testcase classname="smarttech.ny.hooks.FailedTestCases" name="getTestFive" time="0.006"/>
  <system-out/>
</testsuite> <!-- smarttech.ny.hooks.FailedTestCases -->
