<?xml version="1.0" encoding="UTF-8"?>
<!-- Generated by org.testng.reporters.JUnitReportReporter -->
<testsuite hostname="LAPTOP-2CHB2D17" failures="0" tests="1" name="smarttech.ny.myrunner.TestRunner" time="3.958" errors="0" timestamp="16 May 2023 07:53:53 GMT" skipped="0">
  <testcase classname="smarttech.ny.myrunner.TestRunner" name="runScenario" time="3.958"/>
</testsuite> <!-- smarttech.ny.myrunner.TestRunner -->
